PS > rails new auth0-rails-api --api
      create
      create  README.md
      create  Rakefile
      create  .ruby-version
      create  config.ru
      create  .gitignore
      create  Gemfile
         run  git init from "."
Initialized empty Git repository in auth0-rails-api/.git/
      create  app
      create  app/assets/config/manifest.js
      create  app/assets/stylesheets/application.css
      create  app/channels/application_cable/channel.rb
      create  app/channels/application_cable/connection.rb
      create  app/controllers/application_controller.rb
      create  app/helpers/application_helper.rb
      create  app/javascript/channels/consumer.js
      create  app/javascript/channels/index.js
      create  app/javascript/packs/application.js
      create  app/jobs/application_job.rb
      create  app/mailers/application_mailer.rb
      create  app/models/application_record.rb
      create  app/views/layouts/application.html.erb
      create  app/views/layouts/mailer.html.erb
      create  app/views/layouts/mailer.text.erb
      create  app/assets/images
      create  app/assets/images/.keep
      create  app/controllers/concerns/.keep
      create  app/models/concerns/.keep
      create  bin
      create  bin/rails
      create  bin/rake
      create  bin/setup
      create  bin/yarn
      create  config
      create  config/routes.rb
      create  config/application.rb
      create  config/environment.rb
      create  config/cable.yml
      create  config/puma.rb
      create  config/storage.yml
      create  config/environments
      create  config/environments/development.rb
      create  config/environments/production.rb
      create  config/environments/test.rb
      create  config/initializers
      create  config/initializers/application_controller_renderer.rb
      create  config/initializers/assets.rb
      create  config/initializers/backtrace_silencers.rb
      create  config/initializers/content_security_policy.rb
      create  config/initializers/cookies_serializer.rb
      create  config/initializers/cors.rb
      create  config/initializers/filter_parameter_logging.rb
      create  config/initializers/inflections.rb
      create  config/initializers/mime_types.rb
      create  config/initializers/new_framework_defaults_6_0.rb
      create  config/initializers/wrap_parameters.rb
      create  config/locales
      create  config/locales/en.yml
      create  config/master.key
      append  .gitignore
      create  config/boot.rb
      create  config/database.yml
      create  db
      create  db/seeds.rb
      create  lib
      create  lib/tasks
      create  lib/tasks/.keep
      create  lib/assets
      create  lib/assets/.keep
      create  log
      create  log/.keep
      create  public
      create  public/404.html
      create  public/422.html
      create  public/500.html
      create  public/apple-touch-icon-precomposed.png
      create  public/apple-touch-icon.png
      create  public/favicon.ico
      create  public/robots.txt
      create  tmp
      create  tmp/.keep
      create  tmp/pids
      create  tmp/pids/.keep
      create  tmp/cache
      create  tmp/cache/assets
      create  vendor
      create  vendor/.keep
      create  test/fixtures
      create  test/fixtures/.keep
      create  test/fixtures/files
      create  test/fixtures/files/.keep
      create  test/controllers
      create  test/controllers/.keep
      create  test/mailers
      create  test/mailers/.keep
      create  test/models
      create  test/models/.keep
      create  test/helpers
      create  test/helpers/.keep
      create  test/integration
      create  test/integration/.keep
      create  test/channels/application_cable/connection_test.rb
      create  test/test_helper.rb
      create  storage
      create  storage/.keep
      create  tmp/storage
      create  tmp/storage/.keep
      remove  app/assets
      remove  lib/assets
      remove  tmp/cache/assets
      remove  app/helpers
      remove  test/helpers
      remove  app/views/layouts/application.html.erb
      remove  public/404.html
      remove  public/422.html
      remove  public/500.html
      remove  public/apple-touch-icon-precomposed.png
      remove  public/apple-touch-icon.png
      remove  public/favicon.ico
      remove  app/javascript
      remove  config/initializers/assets.rb
      remove  config/initializers/cookies_serializer.rb
      remove  config/initializers/content_security_policy.rb
      remove  config/initializers/new_framework_defaults_6_0.rb
      remove  bin/yarn
         run  bundle install
Fetching gem metadata from https://rubygems.org/.............
Fetching gem metadata from https://rubygems.org/.
Resolving dependencies...
Using rake 13.0.1
Using concurrent-ruby 1.1.7
Using i18n 1.8.5
Using minitest 5.14.2
Using thread_safe 0.3.6
Using tzinfo 1.2.7
Using zeitwerk 2.4.0
Using activesupport 6.0.3.4
Using builder 3.2.4
Using erubi 1.9.0
Using mini_portile2 2.4.0
Using nokogiri 1.10.10 (x64-mingw32)
Using rails-dom-testing 2.0.3
Using crass 1.0.6
Using loofah 2.7.0
Using rails-html-sanitizer 1.3.0
Using actionview 6.0.3.4
Using rack 2.2.3
Using rack-test 1.1.0
Using actionpack 6.0.3.4
Using nio4r 2.5.4
Using websocket-extensions 0.1.5
Using websocket-driver 0.7.3
Using actioncable 6.0.3.4
Using activemodel 6.0.3.4
Using activerecord 6.0.3.4
Using mimemagic 0.3.5
Using marcel 0.3.3
Using activestorage 6.0.3.4
Using mini_mime 1.0.2
Using mail 2.7.1
Using actionmailbox 6.0.3.4
Using actionmailer 6.0.3.4
Using actiontext 6.0.3.4
Using msgpack 1.3.3 (x64-mingw32)
Using bootsnap 1.4.8
Using bundler 2.1.4
Using byebug 11.1.3
Using method_source 1.0.0
Using puma 4.3.6
Using thor 1.0.1
Using railties 6.0.3.4
Using sprockets 4.0.2
Using sprockets-rails 3.2.2
Using rails 6.0.3.4
Using sqlite3 1.4.2
Using tzinfo-data 1.2020.3
Bundle complete! 6 Gemfile dependencies, 49 gems now installed.
Use `bundle info [gemname]` to see where a bundled gem is installed.
         run  bundle binstubs bundler